2024-01-21 03:59:24,002 [INFO] LogOutputStream:77 - [STDOUT_REDIRECT] 
2024-01-21 03:59:25,020 [INFO] ProjectBuilder:4626 - Time for Generating toolchain IDE Files: 2511mS.
2024-01-21 03:59:25,021 [INFO] ProjectBuilder:2935 - Time for Copy CMSIS : 0mS.
2024-01-21 03:59:25,024 [INFO] ProjectBuilder:2935 - Time for Copy CMSIS : 0mS.
2024-01-21 04:42:52,429 [INFO] MainUpdater:2868 - connection check result : 10
2024-01-21 04:42:52,430 [INFO] MainUpdater:2868 - connection check result : 10
2024-01-21 04:42:52,514 [INFO] MicroXplorer:468 - Change Database Path : 
2024-01-21 04:42:52,514 [INFO] MicroXplorer:498 - Change Database Version : DB.6.0.92
2024-01-21 04:42:52,532 [WARN] ThirdParty:871 - waiting for thirdparty lock release [close project]
2024-01-21 04:42:52,532 [INFO] ThirdParty:873 - entering critical section [close project]
2024-01-21 04:42:52,532 [INFO] ThirdParty:883 - exiting critical section [close project]
2024-01-21 04:42:52,533 [INFO] PinOutPanel:1499 - setPackage(No Configuration,No Configuration)
2024-01-21 04:42:52,539 [WARN] IpParametersView:151 - Warning: This peripheral hasn't parameters
2024-01-21 04:42:52,543 [WARN] MainPanel:272 - <html><b><center>Warning: This peripheral has no parameters to be configured<br></b></html>
2024-01-21 04:42:52,549 [INFO] UtilMem:75 - Begin LoadConfig() Used Memory: 708140056 Bytes (1073741824)
2024-01-21 04:42:52,550 [INFO] MicroXplorer:468 - Change Database Path : 
2024-01-21 04:42:52,550 [INFO] MicroXplorer:498 - Change Database Version : DB.6.0.92
2024-01-21 04:42:52,550 [INFO] OpenFileManager:308 - Change cursor
2024-01-21 04:42:52,561 [INFO] RulesReader:64 - Compatibility file has been processed (293 Rules)
2024-01-21 04:42:52,564 [INFO] Mcu:1946 - Initializing MCU STM32F746ZGTx STM32F746ZGTx STM32F746ZGT6
2024-01-21 04:42:53,986 [INFO] Context:659 - Trying to add GPIOservice into a context  which must be forbidden
2024-01-21 04:42:54,324 [INFO] RtosManager:555 - Registered RTOS mode: class=CMSIS, group=RTOS, mode=CMSIS_V1, owner=FREERTOS
2024-01-21 04:42:54,324 [INFO] RtosManager:555 - Registered RTOS mode: class=CMSIS, group=RTOS2, mode=CMSIS_V2, owner=FREERTOS
2024-01-21 04:42:54,324 [INFO] RtosManager:555 - Registered RTOS mode: class=RTOS, group=Core, mode=CMSIS_V1, owner=FREERTOS
2024-01-21 04:42:54,324 [INFO] RtosManager:555 - Registered RTOS mode: class=RTOS, group=Core, mode=CMSIS_V2, owner=FREERTOS
2024-01-21 04:42:54,324 [WARN] ModelIntegratedComponent:184 - Missing modes for component STMicroelectronics:FreeRTOS:0.0.1:STMicroelectronics:RTOS:FreeRTOS:Core:::10.2.0:
2024-01-21 04:42:54,332 [WARN] ModelIntegratedComponent:63 - No mode defined for component null
2024-01-21 04:42:54,332 [WARN] ModelIntegratedComponent:63 - No mode defined for component null
2024-01-21 04:42:54,332 [WARN] ModelIntegratedComponent:63 - No mode defined for component null
2024-01-21 04:42:54,332 [WARN] ModelIntegratedComponent:63 - No mode defined for component null
2024-01-21 04:42:54,332 [WARN] ModelIntegratedComponent:63 - No mode defined for component null
2024-01-21 04:42:54,332 [WARN] ModelIntegratedComponent:63 - No mode defined for component null
2024-01-21 04:42:54,332 [WARN] ModelIntegratedComponent:63 - No mode defined for component null
2024-01-21 04:42:54,332 [WARN] ModelIntegratedComponent:63 - No mode defined for component null
2024-01-21 04:42:54,333 [WARN] ModelIntegratedComponent:63 - No mode defined for component null
2024-01-21 04:42:54,333 [WARN] ModelIntegratedComponent:63 - No mode defined for component null
2024-01-21 04:42:54,333 [WARN] ModelIntegratedComponent:63 - No mode defined for component null
2024-01-21 04:42:54,333 [WARN] ModelIntegratedComponent:63 - No mode defined for component null
2024-01-21 04:42:54,333 [WARN] ModelIntegratedComponent:63 - No mode defined for component null
2024-01-21 04:42:54,333 [WARN] ModelIntegratedComponent:63 - No mode defined for component null
2024-01-21 04:42:54,333 [WARN] ModelIntegratedComponent:63 - No mode defined for component null
2024-01-21 04:42:54,333 [WARN] ModelIntegratedComponent:63 - No mode defined for component null
2024-01-21 04:42:54,333 [WARN] ModelIntegratedComponent:63 - No mode defined for component null
2024-01-21 04:42:54,333 [WARN] ModelIntegratedComponent:63 - No mode defined for component null
2024-01-21 04:42:54,333 [WARN] ModelIntegratedComponent:63 - No mode defined for component null
2024-01-21 04:42:54,333 [WARN] ModelIntegratedComponent:63 - No mode defined for component null
2024-01-21 04:42:54,333 [WARN] ModelIntegratedComponent:63 - No mode defined for component null
2024-01-21 04:42:54,333 [WARN] ModelIntegratedComponent:63 - No mode defined for component null
2024-01-21 04:42:54,333 [WARN] ModelIntegratedComponent:63 - No mode defined for component null
2024-01-21 04:42:54,333 [WARN] ModelIntegratedComponent:63 - No mode defined for component null
2024-01-21 04:42:54,333 [WARN] ModelIntegratedComponent:63 - No mode defined for component null
2024-01-21 04:42:54,333 [WARN] ModelIntegratedComponent:63 - No mode defined for component null
2024-01-21 04:42:54,333 [WARN] ModelIntegratedComponent:63 - No mode defined for component null
2024-01-21 04:42:54,333 [WARN] ModelIntegratedComponent:63 - No mode defined for component null
2024-01-21 04:42:54,333 [WARN] ModelIntegratedComponent:63 - No mode defined for component null
2024-01-21 04:42:54,333 [WARN] ModelIntegratedComponent:63 - No mode defined for component null
2024-01-21 04:42:54,333 [WARN] ModelIntegratedComponent:63 - No mode defined for component null
2024-01-21 04:42:54,334 [WARN] ModelIntegratedComponent:63 - No mode defined for component null
2024-01-21 04:42:54,334 [WARN] ModelIntegratedComponent:63 - No mode defined for component null
2024-01-21 04:42:54,401 [INFO] ThirdPartyModel:298 - Start build external matchings
2024-01-21 04:42:54,838 [INFO] ThirdPartyModel:316 - End build external matchings
2024-01-21 04:42:54,846 [INFO] ImportTextPane:194 - (OptionalMessage_ERROR) IP (ETH) : Invalid parameter (PHY_Name)
2024-01-21 04:42:54,846 [INFO] ImportTextPane:194 - (OptionalMessage_ERROR) IP (ETH) : Invalid parameter (PHY_Value)
2024-01-21 04:42:54,846 [INFO] ImportTextPane:194 - (OptionalMessage_ERROR) IP (ETH) : Invalid parameter (PhyAddress)
2024-01-21 04:42:54,847 [INFO] ImportTextPane:194 - (OptionalMessage_ERROR) IP (RCC) : Invalid parameter (48MHZClocksFreq_Value)
2024-01-21 04:42:54,847 [INFO] ImportTextPane:194 - (OptionalMessage_ERROR) IP (RCC) : Invalid parameter (ADC12outputFreq_Value)
2024-01-21 04:42:54,847 [INFO] ImportTextPane:194 - (OptionalMessage_ERROR) IP (RCC) : Invalid parameter (ADC34outputFreq_Value)
2024-01-21 04:42:54,847 [INFO] ImportTextPane:194 - (OptionalMessage_ERROR) IP (RCC) : Invalid parameter (FamilyName)
2024-01-21 04:42:54,847 [INFO] ImportTextPane:194 - (OptionalMessage_ERROR) IP (RCC) : Invalid parameter (I2SClocksFreq_Value)
2024-01-21 04:42:54,847 [INFO] ImportTextPane:194 - (OptionalMessage_ERROR) IP (RCC) : Parameter (LCDTFToutputFreq_Value) has invalid value (96000000)
2024-01-21 04:42:54,848 [INFO] ImportTextPane:194 - (OptionalMessage_ERROR) IP (RCC) : Invalid parameter (MCOFreq_Value)
2024-01-21 04:42:54,848 [INFO] ImportTextPane:194 - (OptionalMessage_ERROR) IP (RCC) : Invalid parameter (PLLMCOFreq_Value)
2024-01-21 04:42:54,848 [INFO] ImportTextPane:194 - (OptionalMessage_ERROR) IP (RCC) : Invalid parameter (PLLMUL)
2024-01-21 04:42:54,848 [INFO] ImportTextPane:194 - (OptionalMessage_ERROR) IP (RCC) : Invalid parameter (PRESCALERUSB)
2024-01-21 04:42:54,848 [INFO] ImportTextPane:194 - (OptionalMessage_ERROR) IP (RCC) : Invalid parameter (RTCHSEDivFreq_Value)
2024-01-21 04:42:54,848 [INFO] ImportTextPane:194 - (OptionalMessage_ERROR) IP (RCC) : Parameter (SDMMCFreq_Value) has invalid value (72000000)
2024-01-21 04:42:54,848 [INFO] ImportTextPane:194 - (OptionalMessage_ERROR) IP (RCC) : Invalid parameter (SYSCLKSourceVirtual)
2024-01-21 04:42:54,848 [INFO] ImportTextPane:194 - (OptionalMessage_ERROR) IP (RCC) : Invalid parameter (TIM15Freq_Value)
2024-01-21 04:42:54,848 [INFO] ImportTextPane:194 - (OptionalMessage_ERROR) IP (RCC) : Invalid parameter (TIM16Freq_Value)
2024-01-21 04:42:54,848 [INFO] ImportTextPane:194 - (OptionalMessage_ERROR) IP (RCC) : Invalid parameter (TIM17Freq_Value)
2024-01-21 04:42:54,848 [INFO] ImportTextPane:194 - (OptionalMessage_ERROR) IP (RCC) : Invalid parameter (TIM1Freq_Value)
2024-01-21 04:42:54,849 [INFO] ImportTextPane:194 - (OptionalMessage_ERROR) IP (RCC) : Invalid parameter (TIM20Freq_Value)
2024-01-21 04:42:54,849 [INFO] ImportTextPane:194 - (OptionalMessage_ERROR) IP (RCC) : Invalid parameter (TIM2Freq_Value)
2024-01-21 04:42:54,849 [INFO] ImportTextPane:194 - (OptionalMessage_ERROR) IP (RCC) : Invalid parameter (TIM3Freq_Value)
2024-01-21 04:42:54,849 [INFO] ImportTextPane:194 - (OptionalMessage_ERROR) IP (RCC) : Invalid parameter (TIM8Freq_Value)
2024-01-21 04:42:54,849 [INFO] ImportTextPane:194 - (OptionalMessage_ERROR) IP (RCC) : Invalid parameter (VCOOutput2Freq_Value)
2024-01-21 04:42:54,849 [INFO] ImportTextPane:194 - (OptionalMessage_ERROR) IP (RCC) : Invalid parameter (VcooutputI2S)
2024-01-21 04:42:55,149 [INFO] UtilMem:75 - End LoadConfig() Used Memory: 815142672 Bytes (1073741824)
2024-01-21 04:42:55,187 [WARN] ThirdParty:833 - waiting for thirdparty lock release [change project]
2024-01-21 04:42:55,187 [INFO] ThirdParty:835 - entering critical section [change project]
2024-01-21 04:42:55,187 [INFO] ThirdParty:1030 - CMSIS Pack Vendor :STMicroelectronics X-CUBE-ISPU 1.1.0
2024-01-21 04:42:55,187 [INFO] ThirdParty:1030 - CMSIS Pack Vendor :STMicroelectronics USBPD 4.1
2024-01-21 04:42:55,187 [INFO] ThirdParty:1030 - CMSIS Pack Vendor :STMicroelectronics X-CUBE-GNSS1 6.0.0
2024-01-21 04:42:55,187 [INFO] ThirdParty:1030 - CMSIS Pack Vendor :STMicroelectronics USB_HOST 2.0.0
2024-01-21 04:42:55,187 [INFO] ThirdParty:1030 - CMSIS Pack Vendor :STMicroelectronics X-CUBE-AZRTOS-F4 1.1.0
2024-01-21 04:42:55,187 [INFO] ThirdParty:1030 - CMSIS Pack Vendor :STMicroelectronics LIBJPEG 8.0.0
2024-01-21 04:42:55,187 [INFO] ThirdParty:1030 - CMSIS Pack Vendor :wolfSSL I-CUBE-wolfSSL 5.6.3
2024-01-21 04:42:55,187 [INFO] ThirdParty:1030 - CMSIS Pack Vendor :STMicroelectronics X-CUBE-SMBUS 2.1.0
2024-01-21 04:42:55,187 [INFO] ThirdParty:1030 - CMSIS Pack Vendor :STMicroelectronics USB_DEVICE 3.0.0
2024-01-21 04:42:55,187 [INFO] ThirdParty:1030 - CMSIS Pack Vendor :STMicroelectronics X-CUBE-AZRTOS-WB 2.0.0
2024-01-21 04:42:55,187 [INFO] ThirdParty:1030 - CMSIS Pack Vendor :STMicroelectronics X-CUBE-TOUCHGFX 4.23.0
2024-01-21 04:42:55,187 [INFO] ThirdParty:1030 - CMSIS Pack Vendor :STMicroelectronics X-CUBE-AZRTOS-F7 1.1.0
2024-01-21 04:42:55,187 [INFO] ThirdParty:1030 - CMSIS Pack Vendor :STMicroelectronics X-CUBE-AZRTOS-L5 2.0.0
2024-01-21 04:42:55,188 [INFO] ThirdParty:1030 - CMSIS Pack Vendor :STMicroelectronics USB_DEVICE 2.0.0
2024-01-21 04:42:55,188 [INFO] ThirdParty:1030 - CMSIS Pack Vendor :STMicroelectronics X-CUBE-EEPRMA1 4.2.0
2024-01-21 04:42:55,188 [INFO] ThirdParty:1030 - CMSIS Pack Vendor :ITTIA_DB I-CUBE-ITTIADB 8.8.0
2024-01-21 04:42:55,188 [INFO] ThirdParty:1030 - CMSIS Pack Vendor :ARM CMSIS 5.7.0
2024-01-21 04:42:55,188 [INFO] ThirdParty:1030 - CMSIS Pack Vendor :STMicroelectronics FP-SNS-MOTENV1 4.3.2
2024-01-21 04:42:55,188 [INFO] ThirdParty:1030 - CMSIS Pack Vendor :STMicroelectronics X-CUBE-ALGOBUILD 1.3.0
2024-01-21 04:42:55,188 [INFO] ThirdParty:1030 - CMSIS Pack Vendor :STMicroelectronics FreeRTOS 0.0.1
2024-01-21 04:42:55,188 [INFO] ThirdParty:1030 - CMSIS Pack Vendor :STMicroelectronics X-CUBE-AZRTOS-G0 1.1.0
2024-01-21 04:42:55,188 [INFO] ThirdParty:1030 - CMSIS Pack Vendor :STMicroelectronics X-CUBE-BLEMGR 2.0.0
2024-01-21 04:42:55,188 [INFO] ThirdParty:1030 - CMSIS Pack Vendor :STMicroelectronics X-CUBE-NFC4 3.0.0
2024-01-21 04:42:55,188 [INFO] ThirdParty:1030 - CMSIS Pack Vendor :STMicroelectronics X-CUBE-SUBG2 5.0.0
2024-01-21 04:42:55,188 [INFO] ThirdParty:1030 - CMSIS Pack Vendor :STMicroelectronics STM32_WPAN 1.0.0
2024-01-21 04:42:55,188 [INFO] ThirdParty:1030 - CMSIS Pack Vendor :STMicroelectronics lwIP 2.0.3
2024-01-21 04:42:55,188 [INFO] ThirdParty:1030 - CMSIS Pack Vendor :STMicroelectronics FP-SNS-FLIGHT1 5.0.2
2024-01-21 04:42:55,188 [INFO] ThirdParty:1030 - CMSIS Pack Vendor :STMicroelectronics USB_HOST 1.0.0
2024-01-21 04:42:55,188 [INFO] ThirdParty:1030 - CMSIS Pack Vendor :STMicroelectronics X-CUBE-TOF1 3.3.1
2024-01-21 04:42:55,188 [INFO] ThirdParty:1030 - CMSIS Pack Vendor :STMicroelectronics X-CUBE-AZRTOS-G4 2.0.0
2024-01-21 04:42:55,188 [INFO] ThirdParty:1030 - CMSIS Pack Vendor :STMicroelectronics PDM2PCM 3.1.0
2024-01-21 04:42:55,188 [INFO] ThirdParty:1030 - CMSIS Pack Vendor :STMicroelectronics X-CUBE-AZRTOS-H7 3.1.0
2024-01-21 04:42:55,188 [INFO] ThirdParty:1030 - CMSIS Pack Vendor :Infineon AIROC-Wi-Fi-Bluetooth-STM32 1.5.1
2024-01-21 04:42:55,188 [INFO] ThirdParty:1030 - CMSIS Pack Vendor :STMicroelectronics X-CUBE-BLEMGR 3.0.0
2024-01-21 04:42:55,188 [INFO] ThirdParty:1030 - CMSIS Pack Vendor :STMicroelectronics PDM2PCM 3.3.0
2024-01-21 04:42:55,188 [INFO] ThirdParty:1030 - CMSIS Pack Vendor :STMicroelectronics X-CUBE-DISPLAY 3.0.0
2024-01-21 04:42:55,188 [INFO] ThirdParty:1030 - CMSIS Pack Vendor :STMicroelectronics FP-SNS-MOTENVWB1 1.3.0
2024-01-21 04:42:55,188 [INFO] ThirdParty:1030 - CMSIS Pack Vendor :STMicroelectronics FP-SNS-MOTENVWB1 1.3.1
2024-01-21 04:42:55,188 [INFO] ThirdParty:1030 - CMSIS Pack Vendor :STMicroelectronics X-CUBE-BLE1 7.0.0
2024-01-21 04:42:55,188 [INFO] ThirdParty:1030 - CMSIS Pack Vendor :STMicroelectronics FP-ATR-SIGFOX1 3.2.0
2024-01-21 04:42:55,188 [INFO] ThirdParty:1030 - CMSIS Pack Vendor :STMicroelectronics X-CUBE-ISPU 2.0.0
2024-01-21 04:42:55,188 [INFO] ThirdParty:1030 - CMSIS Pack Vendor :STMicroelectronics HAL Drivers 0.0.0
2024-01-21 04:42:55,189 [INFO] ThirdParty:1030 - CMSIS Pack Vendor :STMicroelectronics MBEDTLS 2.16.2
2024-01-21 04:42:55,189 [INFO] ThirdParty:1030 - CMSIS Pack Vendor :emotas I-CUBE-CANOPEN 1.3.0
2024-01-21 04:42:55,189 [INFO] ThirdParty:1030 - CMSIS Pack Vendor :STMicroelectronics X-CUBE-MEMS1 10.0.0
2024-01-21 04:42:55,189 [INFO] ThirdParty:1030 - CMSIS Pack Vendor :STMicroelectronics X-CUBE-FREERTOS 1.1.0
2024-01-21 04:42:55,189 [INFO] ThirdParty:1030 - CMSIS Pack Vendor :STMicroelectronics X-CUBE-NFC7 1.0.1
2024-01-21 04:42:55,189 [INFO] ThirdParty:1030 - CMSIS Pack Vendor :STMicroelectronics MBEDTLS 2.14.1
2024-01-21 04:42:55,189 [INFO] ThirdParty:1030 - CMSIS Pack Vendor :STMicroelectronics X-CUBE-TOUCHGFX 4.22.1
2024-01-21 04:42:55,189 [INFO] ThirdParty:1030 - CMSIS Pack Vendor :STMicroelectronics X-CUBE-NFC6 3.0.0
2024-01-21 04:42:55,189 [INFO] ThirdParty:1030 - CMSIS Pack Vendor :STMicroelectronics X-CUBE-EEPRMA1 4.1.0
2024-01-21 04:42:55,189 [INFO] ThirdParty:1030 - CMSIS Pack Vendor :portGmbH I-Cube-SoM-uGOAL 1.1.0
2024-01-21 04:42:55,189 [INFO] ThirdParty:1030 - CMSIS Pack Vendor :STMicroelectronics X-CUBE-ALS 1.0.1
2024-01-21 04:42:55,189 [INFO] ThirdParty:1030 - CMSIS Pack Vendor :STMicroelectronics ThreadX 1.0.0
2024-01-21 04:42:55,189 [INFO] ThirdParty:1030 - CMSIS Pack Vendor :STMicroelectronics FP-SNS-SMARTAG2 1.2.0
2024-01-21 04:42:55,189 [INFO] ThirdParty:1030 - CMSIS Pack Vendor :STMicroelectronics X-CUBE-AZRTOS-WL 2.0.0
2024-01-21 04:42:55,189 [INFO] ThirdParty:1030 - CMSIS Pack Vendor :SEGGER I-CUBE-embOS 1.3.1
2024-01-21 04:42:55,189 [INFO] ThirdParty:1030 - CMSIS Pack Vendor :STMicroelectronics USB_DEVICE 1.0.0
2024-01-21 04:42:55,189 [INFO] ThirdParty:1030 - CMSIS Pack Vendor :STMicroelectronics X-CUBE-AI 8.1.0
2024-01-21 04:42:55,189 [INFO] ThirdParty:1030 - CMSIS Pack Vendor :STMicroelectronics X-CUBE-AZRTOS-L4 2.0.0
2024-01-21 04:42:55,189 [INFO] ThirdParty:1030 - CMSIS Pack Vendor :STMicroelectronics ThreadX 0.0.2
2024-01-21 04:42:55,189 [INFO] ThirdParty:1030 - CMSIS Pack Vendor :WES I-CUBE-Cesium 1.3.0
2024-01-21 04:42:55,189 [INFO] ThirdParty:1030 - CMSIS Pack Vendor :STMicroelectronics FP-ATR-ASTRA1 2.0.0
2024-01-21 04:42:55,189 [INFO] ThirdParty:1030 - CMSIS Pack Vendor :STMicroelectronics lwIP 2.1.2
2024-01-21 04:42:55,189 [INFO] ThirdParty:1030 - CMSIS Pack Vendor :STMicroelectronics X-CUBE-SFXS2LP1 4.0.0
2024-01-21 04:42:55,189 [INFO] ThirdParty:1030 - CMSIS Pack Vendor :STMicroelectronics X-CUBE-BLE2 3.3.0
2024-01-21 04:42:55,189 [INFO] ThirdParty:1030 - CMSIS Pack Vendor :STMicroelectronics X-CUBE-TOF1 3.4.0
2024-01-21 04:42:55,189 [INFO] ThirdParty:1030 - CMSIS Pack Vendor :STMicroelectronics X-CUBE-AZRTOS-H7 3.2.0
2024-01-21 04:42:55,189 [INFO] ThirdParty:1030 - CMSIS Pack Vendor :STMicroelectronics PDM2PCM 3.2.0
2024-01-21 04:42:55,189 [INFO] ThirdParty:841 - exiting critical section [change project]
2024-01-21 04:42:55,378 [INFO] PinOutPanel:1499 - setPackage(No Configuration,No Configuration)
2024-01-21 04:42:55,378 [INFO] PinOutPanel:1499 - setPackage(STM32F746ZGTx,LQFP144)
2024-01-21 04:42:55,749 [INFO] UtilMem:75 - Before build in PCC Used Memory: 762252600 Bytes (1073741824)
2024-01-21 04:42:55,926 [INFO] UtilMem:75 - After build in PCC Used Memory: 809960760 Bytes (1073741824)
2024-01-21 04:42:55,961 [INFO] IPUIPlugin:80 - create IPUIPlugin
2024-01-21 04:42:55,961 [INFO] IPUIPlugin:80 - create IPUIPlugin
2024-01-21 04:42:55,961 [INFO] IPUIPlugin:80 - create IPUIPlugin
2024-01-21 04:42:55,961 [INFO] IPUIPlugin:80 - create IPUIPlugin
2024-01-21 04:42:55,961 [INFO] IPUIPlugin:80 - create IPUIPlugin
2024-01-21 04:42:55,961 [INFO] IPUIPlugin:80 - create IPUIPlugin
2024-01-21 04:42:55,961 [INFO] IPUIPlugin:80 - create IPUIPlugin
2024-01-21 04:42:55,961 [INFO] IPUIPlugin:80 - create IPUIPlugin
2024-01-21 04:42:55,961 [INFO] IPUIPlugin:80 - create IPUIPlugin
2024-01-21 04:42:55,962 [INFO] IPUIPlugin:80 - create IPUIPlugin
2024-01-21 04:42:55,962 [INFO] IPUIPlugin:80 - create IPUIPlugin
2024-01-21 04:42:55,962 [INFO] IPUIPlugin:80 - create IPUIPlugin
2024-01-21 04:42:55,962 [INFO] IPUIPlugin:80 - create IPUIPlugin
2024-01-21 04:42:55,962 [INFO] IPUIPlugin:80 - create IPUIPlugin
2024-01-21 04:42:55,962 [INFO] IPUIPlugin:80 - create IPUIPlugin
2024-01-21 04:42:55,962 [INFO] IPUIPlugin:80 - create IPUIPlugin
2024-01-21 04:42:55,962 [INFO] IPUIPlugin:80 - create IPUIPlugin
2024-01-21 04:42:55,962 [INFO] IPUIPlugin:80 - create IPUIPlugin
2024-01-21 04:42:55,963 [INFO] IPUIPlugin:80 - create IPUIPlugin
2024-01-21 04:42:55,963 [INFO] IPUIPlugin:80 - create IPUIPlugin
2024-01-21 04:42:55,963 [INFO] IPUIPlugin:80 - create IPUIPlugin
2024-01-21 04:42:55,963 [INFO] IPUIPlugin:80 - create IPUIPlugin
2024-01-21 04:42:55,963 [INFO] IPUIPlugin:80 - create IPUIPlugin
2024-01-21 04:42:55,963 [INFO] IPUIPlugin:80 - create IPUIPlugin
2024-01-21 04:42:55,963 [INFO] IPUIPlugin:80 - create IPUIPlugin
2024-01-21 04:42:55,963 [INFO] IPUIPlugin:80 - create IPUIPlugin
2024-01-21 04:42:55,964 [INFO] IPUIPlugin:80 - create IPUIPlugin
2024-01-21 04:42:55,964 [INFO] IPUIPlugin:80 - create IPUIPlugin
2024-01-21 04:42:55,964 [INFO] IPUIPlugin:80 - create IPUIPlugin
2024-01-21 04:42:55,964 [INFO] IPUIPlugin:80 - create IPUIPlugin
2024-01-21 04:42:55,964 [INFO] IPUIPlugin:80 - create IPUIPlugin
2024-01-21 04:42:55,964 [INFO] IPUIPlugin:80 - create IPUIPlugin
2024-01-21 04:42:55,965 [INFO] IPUIPlugin:80 - create IPUIPlugin
2024-01-21 04:42:55,965 [INFO] IPUIPlugin:80 - create IPUIPlugin
2024-01-21 04:42:55,965 [INFO] IPUIPlugin:80 - create IPUIPlugin
2024-01-21 04:42:55,965 [INFO] IPUIPlugin:80 - create IPUIPlugin
2024-01-21 04:42:55,965 [INFO] IPUIPlugin:80 - create IPUIPlugin
2024-01-21 04:42:55,965 [INFO] IPUIPlugin:80 - create IPUIPlugin
2024-01-21 04:42:55,966 [INFO] IPUIPlugin:80 - create IPUIPlugin
2024-01-21 04:42:55,966 [INFO] IPUIPlugin:80 - create IPUIPlugin
2024-01-21 04:42:55,967 [INFO] IPUIPlugin:80 - create IPUIPlugin
2024-01-21 04:42:55,967 [INFO] IPUIPlugin:80 - create IPUIPlugin
2024-01-21 04:42:55,967 [INFO] IPUIPlugin:80 - create IPUIPlugin
2024-01-21 04:42:55,967 [INFO] IPUIPlugin:80 - create IPUIPlugin
2024-01-21 04:42:55,967 [INFO] IPUIPlugin:80 - create IPUIPlugin
2024-01-21 04:42:55,967 [INFO] IPUIPlugin:80 - create IPUIPlugin
2024-01-21 04:42:55,968 [INFO] IPUIPlugin:80 - create IPUIPlugin
2024-01-21 04:42:55,968 [INFO] IPUIPlugin:80 - create IPUIPlugin
2024-01-21 04:42:55,968 [INFO] IPUIPlugin:80 - create IPUIPlugin
2024-01-21 04:42:55,968 [INFO] IPUIPlugin:80 - create IPUIPlugin
2024-01-21 04:42:55,969 [INFO] IPUIPlugin:80 - create IPUIPlugin
2024-01-21 04:42:55,969 [INFO] IPUIPlugin:80 - create IPUIPlugin
2024-01-21 04:42:55,969 [INFO] IPUIPlugin:80 - create IPUIPlugin
2024-01-21 04:42:55,969 [INFO] IPUIPlugin:80 - create IPUIPlugin
2024-01-21 04:42:55,970 [INFO] IPUIPlugin:80 - create IPUIPlugin
2024-01-21 04:42:55,970 [INFO] IPUIPlugin:80 - create IPUIPlugin
2024-01-21 04:42:55,970 [INFO] IPUIPlugin:80 - create IPUIPlugin
2024-01-21 04:42:55,970 [INFO] IPUIPlugin:80 - create IPUIPlugin
2024-01-21 04:42:55,970 [INFO] IPUIPlugin:80 - create IPUIPlugin
2024-01-21 04:42:55,971 [INFO] IPUIPlugin:80 - create IPUIPlugin
2024-01-21 04:42:55,971 [INFO] IPUIPlugin:80 - create IPUIPlugin
2024-01-21 04:42:55,971 [INFO] IPUIPlugin:80 - create IPUIPlugin
2024-01-21 04:42:55,972 [INFO] IPUIPlugin:80 - create IPUIPlugin
2024-01-21 04:42:55,972 [INFO] IPUIPlugin:80 - create IPUIPlugin
2024-01-21 04:42:55,972 [INFO] IPUIPlugin:80 - create IPUIPlugin
2024-01-21 04:42:55,972 [INFO] IPUIPlugin:80 - create IPUIPlugin
2024-01-21 04:42:55,973 [INFO] IPUIPlugin:80 - create IPUIPlugin
2024-01-21 04:42:55,973 [INFO] IPUIPlugin:80 - create IPUIPlugin
2024-01-21 04:42:55,973 [INFO] IPUIPlugin:80 - create IPUIPlugin
2024-01-21 04:42:55,974 [INFO] IPUIPlugin:80 - create IPUIPlugin
2024-01-21 04:42:55,974 [INFO] IPUIPlugin:80 - create IPUIPlugin
2024-01-21 04:42:55,975 [INFO] IPUIPlugin:80 - create IPUIPlugin
2024-01-21 04:42:55,975 [INFO] IPUIPlugin:80 - create IPUIPlugin
2024-01-21 04:42:55,975 [INFO] IPUIPlugin:80 - create IPUIPlugin
2024-01-21 04:42:55,978 [INFO] ApiDbMcu:507 - Load IP Config File for PDM2PCM
2024-01-21 04:42:56,027 [INFO] CADModel:165 - CPN selected for project levelSTM32F746ZGT6
2024-01-21 04:42:56,028 [INFO] CADModel:114 - Register for checkConnection events
2024-01-21 04:42:56,079 [INFO] OpenFileManager:328 - Restore cursor
2024-01-21 04:44:27,886 [INFO] NvicIntPanel:101 - NVIC parent = com.st.microxplorer.plugins.ip.nvic.MultiNvicIntPanel[,0,0,0x0,invalid,layout=javax.swing.BoxLayout,alignmentX=0.0,alignmentY=0.0,border=,flags=9,maximumSize=,minimumSize=,preferredSize=]
2024-01-21 04:44:52,471 [INFO] NvicIntPanel:101 - NVIC parent = com.st.microxplorer.plugins.ip.nvic.MultiNvicIntPanel[,0,0,0x0,invalid,layout=javax.swing.BoxLayout,alignmentX=0.0,alignmentY=0.0,border=,flags=9,maximumSize=,minimumSize=,preferredSize=]
2024-01-21 04:44:53,086 [INFO] UtilMem:75 - End SaveConfig() Used Memory: 897109352 Bytes (1073741824)
2024-01-21 04:44:54,375 [INFO] UtilMem:75 - End SaveConfig() Used Memory: 928044392 Bytes (1073741824)
2024-01-21 04:44:55,297 [INFO] UtilMem:75 - End SaveConfig() Used Memory: 671380352 Bytes (1073741824)
2024-01-21 04:44:55,471 [INFO] BlockDiagram:2759 - set Specific Code input for plugin: TIM1_8F7
2024-01-21 04:44:55,471 [INFO] BlockDiagram:2759 - set Specific Code input for plugin: TIM1_8F7
2024-01-21 04:44:55,471 [INFO] BlockDiagram:2759 - set Specific Code input for plugin: SYS
2024-01-21 04:44:55,471 [INFO] BlockDiagram:2759 - set Specific Code input for plugin: RCC
2024-01-21 04:44:55,471 [INFO] BlockDiagram:2759 - set Specific Code input for plugin: USB_OTG_FS
2024-01-21 04:44:55,471 [INFO] BlockDiagram:2759 - set Specific Code input for plugin: NVIC
2024-01-21 04:44:55,471 [INFO] BlockDiagram:2759 - set Specific Code input for plugin: USART
2024-01-21 04:44:55,472 [INFO] BlockDiagram:2759 - set Specific Code input for plugin: GPIO
2024-01-21 04:44:55,472 [INFO] BlockDiagram:2759 - set Specific Code input for plugin: ETH
2024-01-21 04:44:55,473 [INFO] CodeGenerator:799 - code generatio: config db path: D:\ST\STM32CubeIDE_1.13.2\STM32CubeIDE\plugins\com.st.stm32cube.common.mx_6.9.2.202309101412\\db\
2024-01-21 04:44:55,642 [INFO] CodeEngine:255 - oldGeneratedFile, C:\Users\Admin\Documents\GitHub\Projekt_SM\TestDistance5\MXTmpFiles\license.tmp_save
2024-01-21 04:44:55,747 [INFO] CodeEngine:279 - Generated code: C:\Users\Admin\Documents\GitHub\Projekt_SM\TestDistance5\MXTmpFiles\license.tmp
2024-01-21 04:44:55,797 [INFO] CodeEngine:255 - oldGeneratedFile, C:\Users\Admin\Documents\GitHub\Projekt_SM\TestDistance5\MXTmpFiles\gpio.tmp_save
2024-01-21 04:44:55,910 [INFO] CodeEngine:279 - Generated code: C:\Users\Admin\Documents\GitHub\Projekt_SM\TestDistance5\MXTmpFiles\gpio.tmp
2024-01-21 04:44:56,210 [WARN] IPConfigManager:2937 - Warning: the RefConfig PWREx_EnableUSBVoltageDetector is not available in your config.xml file
2024-01-21 04:44:56,222 [INFO] CodeEngine:255 - oldGeneratedFile, C:\Users\Admin\Documents\GitHub\Projekt_SM\TestDistance5\MXTmpFiles\cortex.tmp_save
2024-01-21 04:44:56,282 [INFO] CodeEngine:279 - Generated code: C:\Users\Admin\Documents\GitHub\Projekt_SM\TestDistance5\MXTmpFiles\cortex.tmp
2024-01-21 04:44:56,300 [INFO] CodeEngine:255 - oldGeneratedFile, C:\Users\Admin\Documents\GitHub\Projekt_SM\TestDistance5\Core\Src\stm32f7xx_it.c_save
2024-01-21 04:44:56,434 [INFO] CodeEngine:279 - Generated code: C:\Users\Admin\Documents\GitHub\Projekt_SM\TestDistance5\Core\Src\stm32f7xx_it.c
2024-01-21 04:44:56,439 [INFO] CodeEngine:255 - oldGeneratedFile, C:\Users\Admin\Documents\GitHub\Projekt_SM\TestDistance5\Core\Inc\stm32f7xx_it.h_save
2024-01-21 04:44:56,493 [INFO] CodeEngine:279 - Generated code: C:\Users\Admin\Documents\GitHub\Projekt_SM\TestDistance5\Core\Inc\stm32f7xx_it.h
2024-01-21 04:44:56,502 [INFO] CodeEngine:255 - oldGeneratedFile, C:\Users\Admin\Documents\GitHub\Projekt_SM\TestDistance5\Core\Src\stm32f7xx_hal_msp.c_save
2024-01-21 04:44:56,593 [INFO] CodeEngine:279 - Generated code: C:\Users\Admin\Documents\GitHub\Projekt_SM\TestDistance5\Core\Src\stm32f7xx_hal_msp.c
2024-01-21 04:44:56,598 [INFO] CodeEngine:255 - oldGeneratedFile, C:\Users\Admin\Documents\GitHub\Projekt_SM\TestDistance5\MXTmpFiles\system.tmp_save
2024-01-21 04:44:56,650 [INFO] CodeEngine:279 - Generated code: C:\Users\Admin\Documents\GitHub\Projekt_SM\TestDistance5\MXTmpFiles\system.tmp
2024-01-21 04:44:56,658 [INFO] CodeEngine:311 - oldGeneratedFile, C:\Users\Admin\Documents\GitHub\Projekt_SM\TestDistance5\Core\Inc\stm32f7xx_hal_conf.h_save
2024-01-21 04:44:56,724 [INFO] CodeEngine:335 - Generated code: C:\Users\Admin\Documents\GitHub\Projekt_SM\TestDistance5\Core\Inc\stm32f7xx_hal_conf.h
2024-01-21 04:44:56,747 [WARN] IPConfigManager:3431 - IP not found : TIM
2024-01-21 04:44:56,747 [WARN] IPConfigManager:3431 - IP not found : USB_OTG
2024-01-21 04:44:56,748 [WARN] CodeGenerator:3764 - IP not found : null
2024-01-21 04:44:56,748 [WARN] CodeGenerator:3764 - IP not found : null
2024-01-21 04:44:56,755 [INFO] CodeEngine:255 - oldGeneratedFile, C:\Users\Admin\Documents\GitHub\Projekt_SM\TestDistance5\Core\Inc\main.h_save
2024-01-21 04:44:56,831 [INFO] CodeEngine:279 - Generated code: C:\Users\Admin\Documents\GitHub\Projekt_SM\TestDistance5\Core\Inc\main.h
2024-01-21 04:44:56,836 [INFO] CodeEngine:255 - oldGeneratedFile, C:\Users\Admin\Documents\GitHub\Projekt_SM\TestDistance5\Core\Src\main.c_save
2024-01-21 04:44:56,941 [INFO] CodeEngine:279 - Generated code: C:\Users\Admin\Documents\GitHub\Projekt_SM\TestDistance5\Core\Src\main.c
2024-01-21 04:44:57,374 [INFO] ProjectBuilder:3064 - Time for Copy HAL[1] : 130mS.
2024-01-21 04:44:57,378 [INFO] ProjectBuilder:4404 - Project Generator version: 4.1.0
2024-01-21 04:44:57,592 [INFO] ConfigFileManager:1457 - The Die is : DIE449
2024-01-21 04:44:57,594 [INFO] ApiDbMcu:507 - Load IP Config File for FATFS
2024-01-21 04:44:57,597 [INFO] ApiDbMcu:507 - Load IP Config File for FREERTOS
2024-01-21 04:44:57,598 [INFO] ApiDbMcu:507 - Load IP Config File for LIBJPEG
2024-01-21 04:44:57,603 [INFO] ApiDbMcu:507 - Load IP Config File for LWIP
2024-01-21 04:44:57,607 [INFO] ApiDbMcu:507 - Load IP Config File for MBEDTLS
2024-01-21 04:44:57,611 [INFO] ApiDbMcu:507 - Load IP Config File for USB_DEVICE
2024-01-21 04:44:57,614 [INFO] ApiDbMcu:507 - Load IP Config File for USB_HOST
2024-01-21 04:44:58,747 [INFO] ProjectBuilder:4626 - Time for Generating toolchain IDE Files: 1368mS.
2024-01-21 04:44:58,747 [INFO] ProjectBuilder:2935 - Time for Copy CMSIS : 0mS.
2024-01-21 04:44:58,749 [INFO] ProjectBuilder:2935 - Time for Copy CMSIS : 0mS.
