2024-01-19 16:32:42,266 [INFO] Activator:176 - 


2024-01-19 16:32:42,304 [INFO] Activator:177 - !SESSION log4j initialized
2024-01-19 16:33:04,819 [INFO] LogOutputStream:77 - [STDOUT_REDIRECT] 
2024-01-19 16:33:08,335 [INFO] ApplicationProperties:184 - Using Application install path: D:\ST\STM32CubeIDE_1.13.2\STM32CubeIDE\plugins\com.st.stm32cube.common.mx_6.9.2.202309101412
2024-01-19 16:33:08,388 [INFO] DbMcusXml:78 - Set database path to: D:\ST\STM32CubeIDE_1.13.2\STM32CubeIDE\plugins\com.st.stm32cube.common.mx_6.9.2.202309101412\\db\/mcu/
2024-01-19 16:33:08,388 [INFO] ApiDb:274 - Set plugin database path to: D:\ST\STM32CubeIDE_1.13.2\STM32CubeIDE\plugins\com.st.stm32cube.common.mx_6.9.2.202309101412\\db\/plugins/boardmanager/
2024-01-19 16:33:08,389 [WARN] ApiDb:259 - Overriding images path with different value:  => D:\ST\STM32CubeIDE_1.13.2\STM32CubeIDE\plugins\com.st.stm32cube.common.mx_6.9.2.202309101412\\db\/plugins/mcufinder/images/
2024-01-19 16:33:08,499 [INFO] ApiDb:250 - Set database path to: C:\Users\Admin\.stmcufinder\plugins\mcufinder//mcu/
2024-01-19 16:33:08,500 [INFO] DbMcusAds:125 - Set database path to: C:\Users\Admin\.stmcufinder\plugins\mcufinder//mcu/
2024-01-19 16:33:08,502 [INFO] CrossReferenceDbSqlite:203 - Set database path to: C:\Users\Admin\.stmcufinder\plugins\mcufinder//mcu/cs/
2024-01-19 16:33:08,776 [INFO] RulesReader:64 - Compatibility file has been processed (293 Rules)
2024-01-19 16:33:08,965 [INFO] DbMcusXml:78 - Set database path to: D:\ST\STM32CubeIDE_1.13.2\STM32CubeIDE\plugins\com.st.stm32cube.common.mx_6.9.2.202309101412\\db\/mcu/
2024-01-19 16:33:08,966 [INFO] ApiDb:274 - Set plugin database path to: D:\ST\STM32CubeIDE_1.13.2\STM32CubeIDE\plugins\com.st.stm32cube.common.mx_6.9.2.202309101412\\db\/plugins/boardmanager/
2024-01-19 16:33:08,966 [INFO] ApiDb:261 - Set plugin images path to: D:\ST\STM32CubeIDE_1.13.2\STM32CubeIDE\plugins\com.st.stm32cube.common.mx_6.9.2.202309101412\\db\/plugins/mcufinder/images/
2024-01-19 16:33:08,966 [WARN] DbFile:41 - Overriding database path with different value: C:\Users\Admin\.stmcufinder\plugins\mcufinder/ => C:\Users\Admin\.stmcufinder\plugins\mcufinder
2024-01-19 16:33:08,966 [INFO] ApiDb:250 - Set database path to: C:\Users\Admin\.stmcufinder\plugins\mcufinder//mcu/
2024-01-19 16:33:08,966 [WARN] DbFile:41 - Overriding database path with different value: C:\Users\Admin\.stmcufinder\plugins\mcufinder/ => C:\Users\Admin\.stmcufinder\plugins\mcufinder
2024-01-19 16:33:08,966 [INFO] DbMcusAds:125 - Set database path to: C:\Users\Admin\.stmcufinder\plugins\mcufinder//mcu/
2024-01-19 16:33:08,966 [WARN] DbFile:41 - Overriding database path with different value: C:\Users\Admin\.stmcufinder\plugins\mcufinder/ => C:\Users\Admin\.stmcufinder\plugins\mcufinder
2024-01-19 16:33:08,966 [WARN] DbFile:41 - Overriding database path with different value: C:\Users\Admin\.stmcufinder\plugins\mcufinder/ => C:\Users\Admin\.stmcufinder\plugins\mcufinder
2024-01-19 16:33:08,967 [INFO] CrossReferenceDbSqlite:203 - Set database path to: C:\Users\Admin\.stmcufinder\plugins\mcufinder//mcu/cs/
2024-01-19 16:33:09,214 [INFO] MainPanel:262 - HeapMemory: 497025024
2024-01-19 16:33:09,398 [INFO] DbMcusXml:78 - Set database path to: D:\ST\STM32CubeIDE_1.13.2\STM32CubeIDE\plugins\com.st.stm32cube.common.mx_6.9.2.202309101412\\db\/mcu/
2024-01-19 16:33:09,398 [INFO] ApiDb:274 - Set plugin database path to: D:\ST\STM32CubeIDE_1.13.2\STM32CubeIDE\plugins\com.st.stm32cube.common.mx_6.9.2.202309101412\\db\/plugins/boardmanager/
2024-01-19 16:33:09,398 [INFO] ApiDb:261 - Set plugin images path to: D:\ST\STM32CubeIDE_1.13.2\STM32CubeIDE\plugins\com.st.stm32cube.common.mx_6.9.2.202309101412\\db\/plugins/mcufinder/images/
2024-01-19 16:33:09,399 [WARN] DbFile:41 - Overriding database path with different value: C:\Users\Admin\.stmcufinder\plugins\mcufinder/ => C:\Users\Admin\.stmcufinder\plugins\mcufinder
2024-01-19 16:33:09,399 [INFO] ApiDb:250 - Set database path to: C:\Users\Admin\.stmcufinder\plugins\mcufinder//mcu/
2024-01-19 16:33:09,399 [WARN] DbFile:41 - Overriding database path with different value: C:\Users\Admin\.stmcufinder\plugins\mcufinder/ => C:\Users\Admin\.stmcufinder\plugins\mcufinder
2024-01-19 16:33:09,399 [INFO] DbMcusAds:125 - Set database path to: C:\Users\Admin\.stmcufinder\plugins\mcufinder//mcu/
2024-01-19 16:33:09,399 [WARN] DbFile:41 - Overriding database path with different value: C:\Users\Admin\.stmcufinder\plugins\mcufinder/ => C:\Users\Admin\.stmcufinder\plugins\mcufinder
2024-01-19 16:33:09,399 [WARN] DbFile:41 - Overriding database path with different value: C:\Users\Admin\.stmcufinder\plugins\mcufinder/ => C:\Users\Admin\.stmcufinder\plugins\mcufinder
2024-01-19 16:33:09,399 [INFO] CrossReferenceDbSqlite:203 - Set database path to: C:\Users\Admin\.stmcufinder\plugins\mcufinder//mcu/cs/
2024-01-19 16:33:09,415 [INFO] ApplicationProperties:184 - Using Application install path: D:\ST\STM32CubeIDE_1.13.2\STM32CubeIDE\plugins\com.st.stm32cube.common.mx_6.9.2.202309101412
2024-01-19 16:33:09,416 [INFO] PluginManage:196 - Search for loadable plugins [exclusion list=, ]
2024-01-19 16:33:09,418 [INFO] PluginManage:310 - Check plugin analytics
2024-01-19 16:33:09,731 [INFO] AnalyticsPlugin:253 - Accepted Software Licenses: 
2024-01-19 16:33:09,731 [INFO] AnalyticsPlugin:255 - Accepted CMSIS Pack Licenses: 
2024-01-19 16:33:09,731 [INFO] AnalyticsPlugin:257 - Accepted Firmware Licenses: FW.F7.1.17.0
2024-01-19 16:33:09,733 [INFO] PluginManage:359 - Loaded plugin analytics (category:tool,tabindex:-1)
2024-01-19 16:33:09,733 [INFO] PluginManage:310 - Check plugin cadmodel
2024-01-19 16:33:09,784 [INFO] CADModel:105 - Init CAD model plugin
2024-01-19 16:33:09,785 [INFO] PluginManage:359 - Loaded plugin cadmodel (category:power,tabindex:5)
2024-01-19 16:33:09,785 [INFO] PluginManage:310 - Check plugin clock
2024-01-19 16:33:09,850 [INFO] PluginManage:359 - Loaded plugin clock (category:base,tabindex:2)
2024-01-19 16:33:09,851 [INFO] PluginManage:310 - Check plugin ddr
2024-01-19 16:33:09,868 [INFO] PluginManage:359 - Loaded plugin ddr (category:tool,tabindex:6)
2024-01-19 16:33:09,869 [INFO] PluginManage:310 - Check plugin filemanager
2024-01-19 16:33:10,168 [INFO] PluginManage:359 - Loaded plugin filemanager (category:base,tabindex:10)
2024-01-19 16:33:10,168 [INFO] PluginManage:310 - Check plugin ipmanager
2024-01-19 16:33:10,209 [INFO] PluginManage:359 - Loaded plugin ipmanager (category:base,tabindex:5)
2024-01-19 16:33:10,209 [INFO] PluginManage:310 - Check plugin lpbam
2024-01-19 16:33:10,247 [INFO] PluginManage:359 - Loaded plugin lpbam (category:base,tabindex:0)
2024-01-19 16:33:10,248 [INFO] PluginManage:310 - Check plugin memorymap
2024-01-19 16:33:10,314 [INFO] PluginManage:359 - Loaded plugin memorymap (category:base,tabindex:4)
2024-01-19 16:33:10,315 [INFO] PluginManage:310 - Check plugin pinoutandconfiguration
2024-01-19 16:33:10,356 [INFO] PluginManage:359 - Loaded plugin pinoutandconfiguration (category:base,tabindex:1)
2024-01-19 16:33:10,356 [INFO] PluginManage:310 - Check plugin pinoutconfig
2024-01-19 16:33:10,550 [WARN] SupportedApi:132 - Cannot load RTOS API schema: s4s-elt-must-match.1: The content of 'definitions' must match (annotation?, (simpleType | complexType)?, (unique | key | keyref)*)). A problem was found starting at: attribute.
2024-01-19 16:33:10,688 [INFO] PluginManage:359 - Loaded plugin pinoutconfig (category:base,tabindex:0)
2024-01-19 16:33:10,688 [INFO] PluginManage:310 - Check plugin power
2024-01-19 16:33:10,740 [INFO] PluginManage:359 - Loaded plugin power (category:power,tabindex:4)
2024-01-19 16:33:10,741 [INFO] PluginManage:310 - Check plugin projectmanager
2024-01-19 16:33:10,767 [INFO] PluginManage:359 - Loaded plugin projectmanager (category:projectmanager,tabindex:3)
2024-01-19 16:33:10,767 [INFO] PluginManage:310 - Check plugin thirdparty
2024-01-19 16:33:11,134 [INFO] PluginManage:359 - Loaded plugin thirdparty (category:base,tabindex:-1)
2024-01-19 16:33:11,134 [WARN] IntegrityCheckThread:84 - waiting for thirdparty lock release [integrity check]
2024-01-19 16:33:11,135 [INFO] PluginManage:310 - Check plugin tools
2024-01-19 16:33:11,135 [INFO] IntegrityCheckThread:86 - entering critical section [integrity check]
2024-01-19 16:33:11,135 [INFO] ThirdPartyUpdaterWithRetryManager:70 - Updater plugin not ready yet. [1/15]
2024-01-19 16:33:11,164 [INFO] PluginManage:359 - Loaded plugin tools (category:base,tabindex:7)
2024-01-19 16:33:11,165 [INFO] PluginManage:310 - Check plugin tutovideos
2024-01-19 16:33:11,411 [INFO] PluginManage:359 - Loaded plugin tutovideos (category:base,tabindex:-1)
2024-01-19 16:33:11,411 [INFO] PluginManage:310 - Check plugin updater
2024-01-19 16:33:11,446 [INFO] PluginManage:359 - Loaded plugin updater (category:base,tabindex:12)
2024-01-19 16:33:11,446 [INFO] PluginManage:310 - Check plugin userauth
2024-01-19 16:33:11,480 [INFO] UserAuth:113 - Init User Auth plugin
2024-01-19 16:33:11,480 [INFO] PluginManage:359 - Loaded plugin userauth (category:base,tabindex:14)
2024-01-19 16:33:11,482 [INFO] PluginManage:283 - PluginManage : Loaded plugins [17]
2024-01-19 16:33:12,004 [INFO] PinOutPanel:1499 - setPackage(No Configuration,No Configuration)
2024-01-19 16:33:12,223 [INFO] CADModel:165 - CPN selected for project level
2024-01-19 16:33:12,223 [INFO] CADModel:114 - Register for checkConnection events
2024-01-19 16:33:12,337 [INFO] IPUIPlugin:80 - create IPUIPlugin
2024-01-19 16:33:12,337 [INFO] PluginManager:220 - loadIPPluginJar : add adc
2024-01-19 16:33:12,340 [INFO] IPUIPlugin:80 - create IPUIPlugin
2024-01-19 16:33:12,340 [INFO] PluginManager:220 - loadIPPluginJar : add aes
2024-01-19 16:33:12,342 [INFO] IPUIPlugin:80 - create IPUIPlugin
2024-01-19 16:33:12,342 [INFO] PluginManager:220 - loadIPPluginJar : add can
2024-01-19 16:33:12,349 [INFO] IPUIPlugin:80 - create IPUIPlugin
2024-01-19 16:33:12,349 [INFO] PluginManager:220 - loadIPPluginJar : add comp
2024-01-19 16:33:12,351 [INFO] IPUIPlugin:80 - create IPUIPlugin
2024-01-19 16:33:12,351 [INFO] PluginManager:220 - loadIPPluginJar : add cryp
2024-01-19 16:33:12,382 [INFO] IPUIPlugin:80 - create IPUIPlugin
2024-01-19 16:33:12,382 [INFO] PluginManager:220 - loadIPPluginJar : add dfsdm
2024-01-19 16:33:12,390 [INFO] IPUIPlugin:80 - create IPUIPlugin
2024-01-19 16:33:12,391 [INFO] PluginManager:220 - loadIPPluginJar : add dma
2024-01-19 16:33:12,396 [INFO] IPUIPlugin:80 - create IPUIPlugin
2024-01-19 16:33:12,396 [INFO] PluginManager:220 - loadIPPluginJar : add dma3
2024-01-19 16:33:12,399 [INFO] IPUIPlugin:80 - create IPUIPlugin
2024-01-19 16:33:12,399 [INFO] PluginManager:220 - loadIPPluginJar : add fatfs
2024-01-19 16:33:12,435 [INFO] IPUIPlugin:80 - create IPUIPlugin
2024-01-19 16:33:12,435 [INFO] PluginManager:220 - loadIPPluginJar : add fmc
2024-01-19 16:33:12,488 [INFO] IPUIPlugin:80 - create IPUIPlugin
2024-01-19 16:33:12,488 [INFO] PluginManager:220 - loadIPPluginJar : add freertos
2024-01-19 16:33:12,506 [INFO] IPUIPlugin:80 - create IPUIPlugin
2024-01-19 16:33:12,506 [INFO] PluginManager:220 - loadIPPluginJar : add genericplugin
2024-01-19 16:33:12,534 [INFO] IPUIPlugin:80 - create IPUIPlugin
2024-01-19 16:33:12,534 [INFO] PluginManager:220 - loadIPPluginJar : add gfxmmu
2024-01-19 16:33:12,570 [INFO] IPUIPlugin:80 - create IPUIPlugin
2024-01-19 16:33:12,571 [INFO] PluginManager:220 - loadIPPluginJar : add gic
2024-01-19 16:33:12,591 [INFO] IPUIPlugin:80 - create IPUIPlugin
2024-01-19 16:33:12,591 [INFO] PluginManager:220 - loadIPPluginJar : add gpio
2024-01-19 16:33:12,597 [INFO] IPUIPlugin:80 - create IPUIPlugin
2024-01-19 16:33:12,597 [INFO] PluginManager:220 - loadIPPluginJar : add gtzc
2024-01-19 16:33:12,612 [INFO] IPUIPlugin:80 - create IPUIPlugin
2024-01-19 16:33:12,612 [INFO] PluginManager:220 - loadIPPluginJar : add hash
2024-01-19 16:33:12,628 [INFO] IPUIPlugin:80 - create IPUIPlugin
2024-01-19 16:33:12,628 [INFO] PluginManager:220 - loadIPPluginJar : add i2c
2024-01-19 16:33:12,631 [INFO] IPUIPlugin:80 - create IPUIPlugin
2024-01-19 16:33:12,631 [INFO] PluginManager:220 - loadIPPluginJar : add i2s
2024-01-19 16:33:12,635 [INFO] IPUIPlugin:80 - create IPUIPlugin
2024-01-19 16:33:12,635 [INFO] PluginManager:220 - loadIPPluginJar : add i3c
2024-01-19 16:33:12,638 [INFO] IPUIPlugin:80 - create IPUIPlugin
2024-01-19 16:33:12,638 [INFO] PluginManager:220 - loadIPPluginJar : add ipddr
2024-01-19 16:33:12,678 [INFO] IPUIPlugin:80 - create IPUIPlugin
2024-01-19 16:33:12,678 [INFO] PluginManager:220 - loadIPPluginJar : add linkedlist
2024-01-19 16:33:12,681 [INFO] IPUIPlugin:80 - create IPUIPlugin
2024-01-19 16:33:12,682 [INFO] PluginManager:220 - loadIPPluginJar : add lorawan
2024-01-19 16:33:12,684 [INFO] IPUIPlugin:80 - create IPUIPlugin
2024-01-19 16:33:12,684 [INFO] PluginManager:220 - loadIPPluginJar : add ltdc
2024-01-19 16:33:12,739 [INFO] IPUIPlugin:80 - create IPUIPlugin
2024-01-19 16:33:12,739 [INFO] PluginManager:220 - loadIPPluginJar : add mdma
2024-01-19 16:33:12,742 [INFO] IPUIPlugin:80 - create IPUIPlugin
2024-01-19 16:33:12,742 [INFO] PluginManager:220 - loadIPPluginJar : add nvic
2024-01-19 16:33:12,745 [INFO] IPUIPlugin:80 - create IPUIPlugin
2024-01-19 16:33:12,745 [INFO] PluginManager:220 - loadIPPluginJar : add opamp
2024-01-19 16:33:12,748 [INFO] IPUIPlugin:80 - create IPUIPlugin
2024-01-19 16:33:12,748 [INFO] PluginManager:220 - loadIPPluginJar : add openamp
2024-01-19 16:33:12,750 [INFO] IPUIPlugin:80 - create IPUIPlugin
2024-01-19 16:33:12,750 [INFO] PluginManager:220 - loadIPPluginJar : add pdm2pcm
2024-01-19 16:33:12,764 [INFO] IPUIPlugin:80 - create IPUIPlugin
2024-01-19 16:33:12,766 [INFO] PluginManager:220 - loadIPPluginJar : add plateformsettings
2024-01-19 16:33:12,780 [INFO] IPUIPlugin:80 - create IPUIPlugin
2024-01-19 16:33:12,780 [INFO] PluginManager:220 - loadIPPluginJar : add quadspi
2024-01-19 16:33:12,799 [INFO] IPUIPlugin:80 - create IPUIPlugin
2024-01-19 16:33:12,799 [INFO] PluginManager:220 - loadIPPluginJar : add resmgrutility
2024-01-19 16:33:12,801 [INFO] IPUIPlugin:80 - create IPUIPlugin
2024-01-19 16:33:12,801 [INFO] PluginManager:220 - loadIPPluginJar : add sai
2024-01-19 16:33:12,803 [INFO] IPUIPlugin:80 - create IPUIPlugin
2024-01-19 16:33:12,804 [INFO] PluginManager:220 - loadIPPluginJar : add spi
2024-01-19 16:33:12,839 [INFO] IPUIPlugin:80 - create IPUIPlugin
2024-01-19 16:33:12,839 [INFO] PluginManager:220 - loadIPPluginJar : add stm32_wpan
2024-01-19 16:33:12,859 [INFO] IPUIPlugin:80 - create IPUIPlugin
2024-01-19 16:33:12,859 [INFO] PluginManager:220 - loadIPPluginJar : add tim
2024-01-19 16:33:12,887 [INFO] IPUIPlugin:80 - create IPUIPlugin
2024-01-19 16:33:12,887 [INFO] PluginManager:220 - loadIPPluginJar : add touchsensing
2024-01-19 16:33:12,889 [INFO] IPUIPlugin:80 - create IPUIPlugin
2024-01-19 16:33:12,889 [INFO] PluginManager:220 - loadIPPluginJar : add tracer_emb
2024-01-19 16:33:12,910 [INFO] IPUIPlugin:80 - create IPUIPlugin
2024-01-19 16:33:12,910 [INFO] PluginManager:220 - loadIPPluginJar : add ts
2024-01-19 16:33:12,911 [INFO] IPUIPlugin:80 - create IPUIPlugin
2024-01-19 16:33:12,912 [INFO] PluginManager:220 - loadIPPluginJar : add tsc
2024-01-19 16:33:12,913 [INFO] IPUIPlugin:80 - create IPUIPlugin
2024-01-19 16:33:12,913 [INFO] PluginManager:220 - loadIPPluginJar : add ucpd
2024-01-19 16:33:12,926 [INFO] IPUIPlugin:80 - create IPUIPlugin
2024-01-19 16:33:12,926 [INFO] PluginManager:220 - loadIPPluginJar : add usart
2024-01-19 16:33:12,928 [INFO] IPUIPlugin:80 - create IPUIPlugin
2024-01-19 16:33:12,928 [INFO] PluginManager:220 - loadIPPluginJar : add usbx
2024-01-19 16:33:13,089 [INFO] CADModel:165 - CPN selected for project level
2024-01-19 16:33:13,089 [INFO] CADModel:114 - Register for checkConnection events
2024-01-19 16:33:13,089 [FATAL] Updater:308 - Updater called before beeing initialized
2024-01-19 16:33:13,089 [ERROR] CADModel:125 - Updater not yet initialized, retry later 
2024-01-19 16:33:13,468 [INFO] CADModel:165 - CPN selected for project level
2024-01-19 16:33:13,468 [INFO] CADModel:114 - Register for checkConnection events
2024-01-19 16:33:13,468 [FATAL] Updater:308 - Updater called before beeing initialized
2024-01-19 16:33:13,469 [ERROR] CADModel:125 - Updater not yet initialized, retry later 
2024-01-19 16:33:13,480 [FATAL] Updater:308 - Updater called before beeing initialized
2024-01-19 16:33:13,588 [FATAL] Updater:308 - Updater called before beeing initialized
2024-01-19 16:33:13,593 [INFO] DbMcusAds:53 - JSON generation date=Wed Nov 29 11:52:27 CET 2023 (1701255147349)
2024-01-19 16:33:13,593 [FATAL] Updater:308 - Updater called before beeing initialized
2024-01-19 16:33:13,747 [WARN] DetailPanel:346 - Failed to get advertising image, set to default
2024-01-19 16:33:13,831 [FATAL] Updater:308 - Updater called before beeing initialized
2024-01-19 16:33:13,832 [FATAL] Updater:308 - Updater called before beeing initialized
2024-01-19 16:33:13,832 [FATAL] Updater:308 - Updater called before beeing initialized
2024-01-19 16:33:13,832 [WARN] DetailPanel:346 - Failed to get advertising image, set to default
2024-01-19 16:33:13,833 [FATAL] Updater:308 - Updater called before beeing initialized
2024-01-19 16:33:13,944 [ERROR] Updater:1120 - MainUpdater not yet initialized. External WinMGr cannot be set.
2024-01-19 16:33:13,961 [INFO] Updater:1056 - Updater Version found : 6.9.2
2024-01-19 16:33:14,006 [INFO] ApplicationProperties:184 - Using Application install path: D:\ST\STM32CubeIDE_1.13.2\STM32CubeIDE\plugins\com.st.stm32cube.common.mx_6.9.2.202309101412
2024-01-19 16:33:14,137 [INFO] ThirdPartyUpdaterWithRetryManager:70 - Updater plugin not ready yet. [2/15]
2024-01-19 16:33:14,198 [INFO] MainUpdater:2868 - connection check result : 10
2024-01-19 16:33:14,200 [INFO] MainUpdater:285 - Updater Check For Update Now.
2024-01-19 16:33:14,200 [INFO] MicroXplorer:498 - Change Database Version : DB.6.0.92
2024-01-19 16:33:14,238 [INFO] McuFinderGlobals:63 - Set McuFinder mode to 2 (CubeIDE integrated)
2024-01-19 16:33:14,238 [INFO] UserAuth:179 - activating auth plugin
2024-01-19 16:33:14,257 [INFO] UserAuth:393 - Internet connection configuration mode: 1
2024-01-19 16:33:14,391 [INFO] JxBrowserEngine:151 - Initiate JxBrowser Engine with user profile folder
2024-01-19 16:33:14,502 [INFO] CheckServerUpdateThread:120 - End of CheckServer Thread
2024-01-19 16:33:15,862 [INFO] WebApp:157 - Instantiating new browser for Auth
2024-01-19 16:33:16,460 [INFO] WebApp:753 - Register for checkConnection events
2024-01-19 16:33:16,460 [INFO] WebApp:390 - Apply proxy settings
2024-01-19 16:33:16,460 [INFO] WebApp:475 - Chromium requires no authentication
2024-01-19 16:33:16,470 [INFO] WebApp:418 - Direct internet connection detected
2024-01-19 16:33:16,696 [INFO] WebApp:188 - Starting web application
2024-01-19 16:33:16,696 [INFO] WebApp:520 - Web application path used D:\ST\STM32CubeIDE_1.13.2\STM32CubeIDE\plugins\com.st.stm32cube.common.mx_6.9.2.202309101412\db\plugins\mcufinder\reactClient1\index.html
2024-01-19 16:33:17,543 [WARN] PackLoader:240 - Cannot read IP mode file for STMicroelectronics.X-CUBE-SMBUS.2.1.0
2024-01-19 16:33:17,560 [WARN] PackLoader:240 - Cannot read IP mode file for STMicroelectronics.X-CUBE-TOUCHGFX.4.23.0
2024-01-19 16:33:17,583 [WARN] PackLoader:240 - Cannot read IP mode file for STMicroelectronics.X-CUBE-AZRTOS-F7.1.1.0
2024-01-19 16:33:17,693 [WARN] PackLoader:240 - Cannot read IP mode file for STMicroelectronics.FP-SNS-MOTENV1.4.3.2
2024-01-19 16:33:17,697 [WARN] PackLoader:240 - Cannot read IP mode file for STMicroelectronics.FP-SNS-FLIGHT1.5.0.2
2024-01-19 16:33:17,702 [WARN] PackLoader:240 - Cannot read IP mode file for STMicroelectronics.X-CUBE-DISPLAY.3.0.0
2024-01-19 16:33:17,710 [WARN] PackLoader:240 - Cannot read IP mode file for STMicroelectronics.X-CUBE-BLE1.7.0.0
2024-01-19 16:33:17,715 [WARN] PackLoader:240 - Cannot read IP mode file for emotas.I-CUBE-CANOPEN.1.3.0
2024-01-19 16:33:17,718 [WARN] PackLoader:240 - Cannot read IP mode file for STMicroelectronics.X-CUBE-TOUCHGFX.4.22.1
2024-01-19 16:33:17,721 [WARN] PackLoader:240 - Cannot read IP mode file for STMicroelectronics.FP-SNS-SMARTAG2.1.2.0
2024-01-19 16:33:17,728 [INFO] LogOutputStream:77 - [STDOUT_REDIRECT] 1 : Invalid condition id : UX_CORESTACK_Condition cause : null
2024-01-19 16:33:17,728 [INFO] LogOutputStream:77 - [STDOUT_REDIRECT] 1 : Invalid condition id : UX_CORESTACK_Condition cause : null
2024-01-19 16:33:17,730 [INFO] LogOutputStream:77 - [STDOUT_REDIRECT] 1 : Invalid condition id : UX_CORESTACK_Condition cause : null
2024-01-19 16:33:17,731 [INFO] LogOutputStream:77 - [STDOUT_REDIRECT] 1 : Invalid condition id : UX_CORESTACK_Condition cause : null
2024-01-19 16:33:17,732 [INFO] LogOutputStream:77 - [STDOUT_REDIRECT] 1 : Invalid condition id : UX_CORESTACK_Condition cause : null
2024-01-19 16:33:17,734 [WARN] PackLoader:240 - Cannot read IP mode file for STMicroelectronics.X-CUBE-AZRTOS-WL.2.0.0
2024-01-19 16:33:17,740 [WARN] PackLoader:240 - Cannot read IP mode file for WES.I-CUBE-Cesium.1.3.0
2024-01-19 16:33:17,744 [WARN] PackLoader:240 - Cannot read IP mode file for STMicroelectronics.X-CUBE-BLE2.3.3.0
2024-01-19 16:33:17,749 [WARN] PackLoader:240 - Cannot read IP mode file for STMicroelectronics.X-CUBE-ALGOBUILD.1.3.0
2024-01-19 16:33:17,761 [WARN] PackLoader:240 - Cannot read IP mode file for STMicroelectronics.X-CUBE-AZRTOS-G0.1.1.0
2024-01-19 16:33:17,767 [WARN] PackLoader:240 - Cannot read IP mode file for STMicroelectronics.X-CUBE-NFC4.3.0.0
2024-01-19 16:33:17,775 [WARN] PackLoader:240 - Cannot read IP mode file for STMicroelectronics.X-CUBE-BLEMGR.3.0.0
2024-01-19 16:33:17,780 [WARN] PackLoader:240 - Cannot read IP mode file for STMicroelectronics.FP-ATR-SIGFOX1.3.2.0
2024-01-19 16:33:17,801 [WARN] PackLoader:240 - Cannot read IP mode file for SEGGER.I-CUBE-embOS.1.3.1
2024-01-19 16:33:17,843 [WARN] PackLoader:240 - Cannot read IP mode file for STMicroelectronics.X-CUBE-GNSS1.6.0.0
2024-01-19 16:33:17,855 [WARN] PackLoader:240 - Cannot read IP mode file for STMicroelectronics.X-CUBE-AZRTOS-F4.1.1.0
2024-01-19 16:33:17,861 [WARN] PackLoader:240 - Cannot read IP mode file for wolfSSL.I-CUBE-wolfSSL.5.6.3
2024-01-19 16:33:17,873 [WARN] PackLoader:240 - Cannot read IP mode file for STMicroelectronics.X-CUBE-AZRTOS-L5.2.0.0
2024-01-19 16:33:17,879 [WARN] PackLoader:240 - Cannot read IP mode file for STMicroelectronics.X-CUBE-EEPRMA1.4.2.0
2024-01-19 16:33:17,884 [WARN] PackLoader:240 - Cannot read IP mode file for ITTIA_DB.I-CUBE-ITTIADB.8.8.0
2024-01-19 16:33:17,889 [WARN] PackLoader:240 - Cannot read IP mode file for STMicroelectronics.X-CUBE-BLEMGR.2.0.0
2024-01-19 16:33:17,901 [WARN] ConditionMgr:438 - getConditionDescription Invalid condition id : UX DEVICE CLASS RTOS Condition cause : null
2024-01-19 16:33:17,901 [WARN] ConditionMgr:438 - getConditionDescription Invalid condition id : UX DEVICE CLASS RTOS Condition cause : null
2024-01-19 16:33:17,903 [WARN] PackLoader:240 - Cannot read IP mode file for STMicroelectronics.X-CUBE-AZRTOS-H7.3.1.0
2024-01-19 16:33:17,904 [WARN] ConditionMgr:1039 - genDependencies : Invalid condition id : UX DEVICE CLASS RTOS Condition cause : null
2024-01-19 16:33:17,904 [WARN] ConditionMgr:1039 - genDependencies : Invalid condition id : UX DEVICE CLASS RTOS Condition cause : null
2024-01-19 16:33:17,905 [WARN] ConditionMgr:1039 - genDependencies : Invalid condition id : UX DEVICE CLASS RTOS Condition cause : null
2024-01-19 16:33:17,905 [WARN] ConditionMgr:1039 - genDependencies : Invalid condition id : UX DEVICE CLASS RTOS Condition cause : null
2024-01-19 16:33:17,905 [WARN] ConditionMgr:1039 - genDependencies : Invalid condition id : UX DEVICE CLASS RTOS Condition cause : null
2024-01-19 16:33:17,910 [WARN] PackLoader:240 - Cannot read IP mode file for STMicroelectronics.X-CUBE-NFC7.1.0.1
2024-01-19 16:33:17,916 [WARN] PackLoader:240 - Cannot read IP mode file for STMicroelectronics.X-CUBE-NFC6.3.0.0
2024-01-19 16:33:17,921 [WARN] PackLoader:240 - Cannot read IP mode file for STMicroelectronics.X-CUBE-EEPRMA1.4.1.0
2024-01-19 16:33:17,925 [WARN] PackLoader:240 - Cannot read IP mode file for STMicroelectronics.X-CUBE-AI.8.1.0
2024-01-19 16:33:17,937 [WARN] ConditionMgr:438 - getConditionDescription Invalid condition id : LAN8742 Phy interface Condition cause : null
2024-01-19 16:33:17,937 [WARN] PackLoader:240 - Cannot read IP mode file for STMicroelectronics.X-CUBE-AZRTOS-L4.2.0.0
2024-01-19 16:33:17,938 [WARN] ConditionMgr:1039 - genDependencies : Invalid condition id : LAN8742 Phy interface Condition cause : null
2024-01-19 16:33:17,938 [WARN] ConditionMgr:1039 - genDependencies : Invalid condition id : LAN8742 Phy interface Condition cause : null
2024-01-19 16:33:17,939 [WARN] ConditionMgr:1039 - genDependencies : Invalid condition id : LAN8742 Phy interface Condition cause : null
2024-01-19 16:33:17,945 [WARN] PackLoader:240 - Cannot read IP mode file for STMicroelectronics.X-CUBE-SFXS2LP1.4.0.0
2024-01-19 16:33:17,949 [WARN] PackLoader:240 - Cannot read IP mode file for STMicroelectronics.X-CUBE-ISPU.1.1.0
2024-01-19 16:33:17,958 [WARN] ConditionMgr:438 - getConditionDescription Invalid condition id : UX DEVICE CLASS RTOS Condition cause : null
2024-01-19 16:33:17,958 [WARN] ConditionMgr:438 - getConditionDescription Invalid condition id : UX DEVICE CLASS RTOS Condition cause : null
2024-01-19 16:33:17,959 [WARN] PackLoader:240 - Cannot read IP mode file for STMicroelectronics.X-CUBE-AZRTOS-WB.2.0.0
2024-01-19 16:33:17,960 [WARN] ConditionMgr:1039 - genDependencies : Invalid condition id : UX DEVICE CLASS RTOS Condition cause : null
2024-01-19 16:33:17,960 [WARN] ConditionMgr:1039 - genDependencies : Invalid condition id : UX DEVICE CLASS RTOS Condition cause : null
2024-01-19 16:33:17,960 [WARN] ConditionMgr:1039 - genDependencies : Invalid condition id : UX DEVICE CLASS RTOS Condition cause : null
2024-01-19 16:33:17,960 [WARN] ConditionMgr:1039 - genDependencies : Invalid condition id : UX DEVICE CLASS RTOS Condition cause : null
2024-01-19 16:33:17,960 [WARN] ConditionMgr:1039 - genDependencies : Invalid condition id : UX DEVICE CLASS RTOS Condition cause : null
2024-01-19 16:33:17,968 [WARN] PackLoader:240 - Cannot read IP mode file for STMicroelectronics.X-CUBE-SUBG2.5.0.0
2024-01-19 16:33:17,979 [WARN] PackLoader:240 - Cannot read IP mode file for STMicroelectronics.X-CUBE-TOF1.3.3.1
2024-01-19 16:33:17,996 [WARN] PackLoader:240 - Cannot read IP mode file for STMicroelectronics.X-CUBE-AZRTOS-G4.2.0.0
2024-01-19 16:33:18,006 [WARN] PackLoader:240 - Cannot read IP mode file for Infineon.AIROC-Wi-Fi-Bluetooth-STM32.1.5.1
2024-01-19 16:33:18,013 [WARN] PackLoader:240 - Cannot read IP mode file for STMicroelectronics.FP-SNS-MOTENVWB1.1.3.0
2024-01-19 16:33:18,016 [WARN] PackLoader:240 - Cannot read IP mode file for STMicroelectronics.FP-SNS-MOTENVWB1.1.3.1
2024-01-19 16:33:18,019 [WARN] PackLoader:240 - Cannot read IP mode file for STMicroelectronics.X-CUBE-ISPU.2.0.0
2024-01-19 16:33:18,046 [WARN] PackLoader:240 - Cannot read IP mode file for STMicroelectronics.X-CUBE-MEMS1.10.0.0
2024-01-19 16:33:18,140 [WARN] PackLoader:240 - Cannot read IP mode file for STMicroelectronics.X-CUBE-FREERTOS.1.1.0
2024-01-19 16:33:18,144 [WARN] PackLoader:240 - Cannot read IP mode file for portGmbH.I-Cube-SoM-uGOAL.1.1.0
2024-01-19 16:33:18,148 [WARN] PackLoader:240 - Cannot read IP mode file for STMicroelectronics.X-CUBE-ALS.1.0.1
2024-01-19 16:33:18,151 [WARN] PackLoader:240 - Cannot read IP mode file for STMicroelectronics.FP-ATR-ASTRA1.2.0.0
2024-01-19 16:33:18,158 [WARN] PackLoader:240 - Cannot read IP mode file for STMicroelectronics.X-CUBE-TOF1.3.4.0
2024-01-19 16:33:18,186 [WARN] PackLoader:240 - Cannot read IP mode file for STMicroelectronics.X-CUBE-AZRTOS-H7.3.2.0
2024-01-19 16:33:18,188 [INFO] ThirdParty:978 - Integrity check success = true
2024-01-19 16:33:18,188 [INFO] IntegrityCheckThread:100 - exiting critical section [integrity check]
2024-01-19 16:33:18,188 [INFO] IntegrityCheckThread:103 - End integrity checks thread
2024-01-19 16:33:38,440 [ERROR] LogOutputStream:75 - [STDERR_REDIRECT] SLF4J: Failed to load class "org.slf4j.impl.StaticLoggerBinder".
2024-01-19 16:33:38,440 [ERROR] LogOutputStream:75 - [STDERR_REDIRECT] SLF4J: Defaulting to no-operation (NOP) logger implementation
2024-01-19 16:33:38,441 [ERROR] LogOutputStream:75 - [STDERR_REDIRECT] SLF4J: See http://www.slf4j.org/codes.html#StaticLoggerBinder for further details.
2024-01-19 18:45:58,411 [ERROR] LogOutputStream:75 - [STDERR_REDIRECT] 
